{
  "stats": {
    "suites": 0,
    "tests": 1,
    "passes": 1,
    "pending": 0,
    "failures": 0,
    "start": "2020-05-08T15:17:20.009Z",
    "end": "2020-05-08T15:17:20.016Z",
    "duration": 7,
    "testsRegistered": 1,
    "passPercent": 100,
    "pendingPercent": 0,
    "other": 0,
    "hasOther": false,
    "skipped": 0,
    "hasSkipped": false
  },
  "results": [
    {
      "uuid": "26aaab69-3afd-4fde-a99f-8d79a5c1868e",
      "title": "",
      "fullFile": "",
      "file": "",
      "beforeHooks": [],
      "afterHooks": [],
      "tests": [
        {
          "title": "1 加 1 应该等于 2",
          "fullTitle": "1 加 1 应该等于 2",
          "timedOut": false,
          "duration": 1,
          "state": "passed",
          "speed": "fast",
          "pass": true,
          "fail": false,
          "pending": false,
          "context": null,
          "code": "expect(1 + 1).to.be.equal(2)",
          "err": {},
          "uuid": "cd7e21a1-45c8-445f-a0e1-0a964e63c546",
          "parentUUID": "26aaab69-3afd-4fde-a99f-8d79a5c1868e",
          "isHook": false,
          "skipped": false
        }
      ],
      "suites": [],
      "passes": [
        "cd7e21a1-45c8-445f-a0e1-0a964e63c546"
      ],
      "failures": [],
      "pending": [],
      "skipped": [],
      "duration": 1,
      "root": true,
      "rootEmpty": false,
      "_timeout": 2000
    }
  ],
  "meta": {
    "mocha": {
      "version": "7.1.2"
    },
    "mochawesome": {
      "options": {
        "quiet": false,
        "reportFilename": "mochawesome",
        "saveHtml": true,
        "saveJson": true,
        "consoleReporter": "spec",
        "useInlineDiffs": false,
        "code": true
      },
      "version": "6.1.1"
    },
    "marge": {
      "options": null,
      "version": "5.1.0"
    }
  }
}